<?xml version="1.0" encoding="UTF-8"?>
<!-- Generated by org.testng.reporters.JUnitXMLReporter -->
<testsuite ignored="12" hostname="DESKTOP-UD3B5D0" failures="0" tests="4" name="Surefire test" time="20.947" errors="0" timestamp="2026-04-22T15:56:38 IST">
  <testcase classname="org.trgma.oil.contract.module.TC001_verifyUserIsAbleToCreateOilContractWithMandatoryFieldsTest" name="tC001_verifyUserIsAbleToCreateOilContractWithMandatoryFieldsTest" time="2.818"/>
  <testcase classname="org.trgma.oil.contract.module.TC002_verifyUserIsAbleToCreateOilContractWithAllFieldsTest" name="tC002_verifyUserIsAbleToCreateOilContractWithAllFieldsTest" time="2.416"/>
  <testcase classname="org.trmga.ags.contract.module.TC001_verifyUserIsAbleToCreateAgslContractWithMandatoryFieldsTest" name="tC001_verifyUserIsAbleToCreateAgsContractWithMandatoryFieldsTest" time="2.392"/>
  <testcase classname="org.trmga.ags.contract.module.TC002_verifyUserIsAbleToCreateAgsContractWithAllFieldsTest" name="tC002_verifyUserIsAbleToCreateAgsContractWithAllFieldsTest" time="2.408"/>
  <testcase classname="org.trmga.bussinessutility.BaseClass" name="@BeforeSuite beforesuite" time="0.0">
    <ignored/>
  </testcase> <!-- @BeforeSuite beforesuite -->
  <testcase classname="org.trmga.bussinessutility.BaseClass" name="@AfterTest aftertest" time="0.0">
    <ignored/>
  </testcase> <!-- @AfterTest aftertest -->
  <testcase classname="org.trmga.bussinessutility.BaseClass" name="@BeforeSuite beforesuite" time="0.0">
    <ignored/>
  </testcase> <!-- @BeforeSuite beforesuite -->
  <testcase classname="org.trmga.bussinessutility.BaseClass" name="@BeforeTest beforetest" time="0.0">
    <ignored/>
  </testcase> <!-- @BeforeTest beforetest -->
  <testcase classname="org.trmga.bussinessutility.BaseClass" name="@BeforeTest beforetest" time="0.0">
    <ignored/>
  </testcase> <!-- @BeforeTest beforetest -->
  <testcase classname="org.trmga.bussinessutility.BaseClass" name="@AfterTest aftertest" time="0.0">
    <ignored/>
  </testcase> <!-- @AfterTest aftertest -->
  <testcase classname="org.trmga.bussinessutility.BaseClass" name="@AfterTest aftertest" time="0.0">
    <ignored/>
  </testcase> <!-- @AfterTest aftertest -->
  <testcase classname="org.trmga.bussinessutility.BaseClass" name="@AfterSuite aftersuite" time="0.0">
    <ignored/>
  </testcase> <!-- @AfterSuite aftersuite -->
  <testcase classname="org.trmga.bussinessutility.BaseClass" name="@BeforeTest beforetest" time="0.0">
    <ignored/>
  </testcase> <!-- @BeforeTest beforetest -->
  <testcase classname="org.trmga.bussinessutility.BaseClass" name="@AfterSuite aftersuite" time="0.0">
    <ignored/>
  </testcase> <!-- @AfterSuite aftersuite -->
  <testcase classname="org.trmga.bussinessutility.BaseClass" name="@BeforeSuite beforesuite" time="0.0">
    <ignored/>
  </testcase> <!-- @BeforeSuite beforesuite -->
  <testcase classname="org.trmga.bussinessutility.BaseClass" name="@AfterSuite aftersuite" time="0.0">
    <ignored/>
  </testcase> <!-- @AfterSuite aftersuite -->
</testsuite> <!-- Surefire test -->
