<?xml version="1.0" encoding="UTF-8"?>
<!-- Generated by org.testng.reporters.JUnitReportReporter -->
<testsuite hostname="DESKTOP-UD3B5D0" failures="0" tests="1" name="org.trgma.oil.contract.module.TC002_verifyUserIsAbleToCreateOilContractWithAllFieldsTest" time="4.579" errors="0" timestamp="2026-04-21T14:51:35 IST" skipped="0">
  <testcase classname="org.trgma.oil.contract.module.TC002_verifyUserIsAbleToCreateOilContractWithAllFieldsTest" name="tC002_verifyUserIsAbleToCreateOilContractWithAllFieldsTest" time="4.579">
    <system-out>
      <![CDATA[@test - test case, validation]]>
    </system-out>
  </testcase> <!-- tC002_verifyUserIsAbleToCreateOilContractWithAllFieldsTest -->
  <system-out>
    <![CDATA[@beforesuite - connection establishment
@beforetest - create report
@beforeclass - open browser
@beforemethod - login
@test - test case, validation
@aftermethod - logout
@afterclass - close browser
@beforeclass - open browser
@beforemethod - login
@test - test case, validation
@aftermethod - logout
@afterclass - close browser
@aftertest - report backup
@aftersuite - connection termination]]>
  </system-out>
</testsuite> <!-- org.trgma.oil.contract.module.TC002_verifyUserIsAbleToCreateOilContractWithAllFieldsTest -->
