<?xml version="1.0" encoding="UTF-8"?>
<!-- Generated by org.testng.reporters.JUnitReportReporter -->
<testsuite hostname="DESKTOP-UD3B5D0" failures="0" tests="1" name="org.trmga.ags.contract.module.TC002_verifyUserIsAbleToCreateAgsContractWithAllFieldsTest" time="3.712" errors="0" timestamp="2026-04-22T15:20:34 IST" skipped="0">
  <testcase classname="org.trmga.ags.contract.module.TC002_verifyUserIsAbleToCreateAgsContractWithAllFieldsTest" name="tC002_verifyUserIsAbleToCreateAgsContractWithAllFieldsTest" time="3.712">
    <system-out>
      <![CDATA[@test - test case, validation
onTestSuccess]]>
    </system-out>
  </testcase> <!-- tC002_verifyUserIsAbleToCreateAgsContractWithAllFieldsTest -->
  <system-out>
    <![CDATA[onStart
@beforesuite - connection establishment
@beforetest - create report
@beforeclass - open browser
@beforemethod - login
@test - test case, validation
onTestSuccess
@aftermethod - logout
@afterclass - close browser
@beforeclass - open browser
@beforemethod - login
@test - test case, validation
onTestSuccess
@aftermethod - logout
@afterclass - close browser
@aftertest - report backup
@aftersuite - connection termination]]>
  </system-out>
</testsuite> <!-- org.trmga.ags.contract.module.TC002_verifyUserIsAbleToCreateAgsContractWithAllFieldsTest -->
