<?xml version="1.0" encoding="UTF-8"?>
<!-- Generated by org.testng.reporters.JUnitReportReporter -->
<testsuite hostname="DESKTOP-UD3B5D0" failures="0" tests="1" name="org.trgma.oil.contract.module.TC001_verifyUserIsAbleToCreateOilContractWithMandatoryFieldsTest" time="3.997" errors="0" timestamp="2026-04-22T15:59:39 IST" skipped="0">
  <testcase classname="org.trgma.oil.contract.module.TC001_verifyUserIsAbleToCreateOilContractWithMandatoryFieldsTest" name="tC001_verifyUserIsAbleToCreateOilContractWithMandatoryFieldsTest" time="3.997">
    <system-out>
      <![CDATA[@test - test case, validation]]>
    </system-out>
  </testcase> <!-- tC001_verifyUserIsAbleToCreateOilContractWithMandatoryFieldsTest -->
  <system-out>
    <![CDATA[@beforesuite - connection establishment
@beforetest - create report
@beforeclass - open browser
@beforemethod - login
@test - test case, validation
@aftermethod - logout
@afterclass - close browser
@beforeclass - open browser
@beforemethod - login
@test - test case, validation
@aftermethod - logout
@afterclass - close browser
@aftertest - report backup
@aftersuite - connection termination]]>
  </system-out>
</testsuite> <!-- org.trgma.oil.contract.module.TC001_verifyUserIsAbleToCreateOilContractWithMandatoryFieldsTest -->
