<?xml version="1.0" encoding="UTF-8"?>
<!-- Generated by org.testng.reporters.JUnitReportReporter -->
<testsuite hostname="DESKTOP-UD3B5D0" failures="0" tests="1" name="org.trmga.ags.contract.module.TC001_verifyUserIsAbleToCreateAgslContractWithMandatoryFieldsTest" time="3.528" errors="0" timestamp="2026-04-22T15:56:38 IST" skipped="0">
  <testcase classname="org.trmga.ags.contract.module.TC001_verifyUserIsAbleToCreateAgslContractWithMandatoryFieldsTest" name="tC001_verifyUserIsAbleToCreateAgsContractWithMandatoryFieldsTest" time="3.528">
    <system-out>
      <![CDATA[@test - test case, validation]]>
    </system-out>
  </testcase> <!-- tC001_verifyUserIsAbleToCreateAgsContractWithMandatoryFieldsTest -->
  <system-out>
    <![CDATA[@beforesuite - connection establishment
@beforetest - create report
@beforeclass - open browser
@beforemethod - login
@test - test case, validation
@aftermethod - logout
@afterclass - close browser
@beforeclass - open browser
@beforemethod - login
@test - test case, validation
@aftermethod - logout
@afterclass - close browser
@beforeclass - open browser
@beforemethod - login
@test - test case, validation
@aftermethod - logout
@afterclass - close browser
@beforeclass - open browser
@beforemethod - login
@test - test case, validation
@aftermethod - logout
@afterclass - close browser
@aftertest - report backup
@aftersuite - connection termination]]>
  </system-out>
</testsuite> <!-- org.trmga.ags.contract.module.TC001_verifyUserIsAbleToCreateAgslContractWithMandatoryFieldsTest -->
