<?xml version="1.0" encoding="UTF-8"?>
<!-- Generated by org.testng.reporters.JUnitXMLReporter -->
<testsuite ignored="4" hostname="DESKTOP-UD3B5D0" failures="0" tests="2" name="Test" time="13.179" errors="0" timestamp="2026-04-22T15:20:34 IST">
  <testcase classname="org.trmga.ags.contract.module.TC001_verifyUserIsAbleToCreateAgslContractWithMandatoryFieldsTest" name="tC001_verifyUserIsAbleToCreateAgsContractWithMandatoryFieldsTest" time="4.207"/>
  <testcase classname="org.trmga.ags.contract.module.TC002_verifyUserIsAbleToCreateAgsContractWithAllFieldsTest" name="tC002_verifyUserIsAbleToCreateAgsContractWithAllFieldsTest" time="2.386"/>
  <testcase classname="org.trmga.bussinessutility.BaseClass" name="@AfterSuite aftersuite" time="0.0">
    <ignored/>
  </testcase> <!-- @AfterSuite aftersuite -->
  <testcase classname="org.trmga.bussinessutility.BaseClass" name="@BeforeSuite beforesuite" time="0.0">
    <ignored/>
  </testcase> <!-- @BeforeSuite beforesuite -->
  <testcase classname="org.trmga.bussinessutility.BaseClass" name="@AfterTest aftertest" time="0.0">
    <ignored/>
  </testcase> <!-- @AfterTest aftertest -->
  <testcase classname="org.trmga.bussinessutility.BaseClass" name="@BeforeTest beforetest" time="0.0">
    <ignored/>
  </testcase> <!-- @BeforeTest beforetest -->
</testsuite> <!-- Test -->
