<?xml version="1.0" encoding="UTF-8"?>
<!-- Generated by org.testng.reporters.JUnitXMLReporter -->
<testsuite ignored="4" hostname="DESKTOP-UD3B5D0" failures="0" tests="2" name="Test" time="11.174" errors="0" timestamp="2026-04-22T15:59:39 IST">
  <testcase classname="org.trgma.oil.contract.module.TC001_verifyUserIsAbleToCreateOilContractWithMandatoryFieldsTest" name="tC001_verifyUserIsAbleToCreateOilContractWithMandatoryFieldsTest" time="2.819"/>
  <testcase classname="org.trgma.oil.contract.module.TC002_verifyUserIsAbleToCreateOilContractWithAllFieldsTest" name="tC002_verifyUserIsAbleToCreateOilContractWithAllFieldsTest" time="2.394"/>
  <testcase classname="org.trmga.bussinessutility.BaseClass" name="@AfterSuite aftersuite" time="0.0">
    <ignored/>
  </testcase> <!-- @AfterSuite aftersuite -->
  <testcase classname="org.trmga.bussinessutility.BaseClass" name="@AfterTest aftertest" time="0.0">
    <ignored/>
  </testcase> <!-- @AfterTest aftertest -->
  <testcase classname="org.trmga.bussinessutility.BaseClass" name="@BeforeSuite beforesuite" time="0.0">
    <ignored/>
  </testcase> <!-- @BeforeSuite beforesuite -->
  <testcase classname="org.trmga.bussinessutility.BaseClass" name="@BeforeTest beforetest" time="0.0">
    <ignored/>
  </testcase> <!-- @BeforeTest beforetest -->
</testsuite> <!-- Test -->
