<?xml version="1.0" encoding="UTF-8"?>
<!-- Generated by org.testng.reporters.JUnitXMLReporter -->
<testsuite ignored="4" hostname="DESKTOP-UD3B5D0" failures="0" tests="2" name="Test" time="13.12" errors="0" timestamp="2026-04-21T14:51:35 IST">
  <testcase classname="org.trgma.oil.contract.module.TC001_verifyUserIsAbleToCreateOilContractWithMandatoryFieldsTest" name="tC001_verifyUserIsAbleToCreateOilContractWithMandatoryFieldsTest" time="3.715"/>
  <testcase classname="org.trgma.oil.contract.module.TC002_verifyUserIsAbleToCreateOilContractWithAllFieldsTest" name="tC002_verifyUserIsAbleToCreateOilContractWithAllFieldsTest" time="3.416"/>
  <testcase classname="org.trmga.bussinessutility.BaseClass" name="@AfterTest at" time="0.0">
    <ignored/>
  </testcase> <!-- @AfterTest at -->
  <testcase classname="org.trmga.bussinessutility.BaseClass" name="@BeforeSuite bs" time="0.0">
    <ignored/>
  </testcase> <!-- @BeforeSuite bs -->
  <testcase classname="org.trmga.bussinessutility.BaseClass" name="@BeforeTest bt" time="0.0">
    <ignored/>
  </testcase> <!-- @BeforeTest bt -->
  <testcase classname="org.trmga.bussinessutility.BaseClass" name="@AfterSuite as" time="0.0">
    <ignored/>
  </testcase> <!-- @AfterSuite as -->
</testsuite> <!-- Test -->
