<?xml version="1.0" encoding="UTF-8"?>
<testng-results ignored="0" total="2" passed="2" failed="0" skipped="0">
  <reporter-output>
    <line>
      <![CDATA[onStart]]>
    </line>
    <line>
      <![CDATA[@beforesuite - connection establishment]]>
    </line>
    <line>
      <![CDATA[@beforetest - create report]]>
    </line>
    <line>
      <![CDATA[@beforeclass - open browser]]>
    </line>
    <line>
      <![CDATA[@beforemethod - login]]>
    </line>
    <line>
      <![CDATA[@test - test case, validation]]>
    </line>
    <line>
      <![CDATA[onTestSuccess]]>
    </line>
    <line>
      <![CDATA[@aftermethod - logout]]>
    </line>
    <line>
      <![CDATA[@afterclass - close browser]]>
    </line>
    <line>
      <![CDATA[@beforeclass - open browser]]>
    </line>
    <line>
      <![CDATA[@beforemethod - login]]>
    </line>
    <line>
      <![CDATA[@test - test case, validation]]>
    </line>
    <line>
      <![CDATA[onTestSuccess]]>
    </line>
    <line>
      <![CDATA[@aftermethod - logout]]>
    </line>
    <line>
      <![CDATA[@afterclass - close browser]]>
    </line>
    <line>
      <![CDATA[@aftertest - report backup]]>
    </line>
    <line>
      <![CDATA[@aftersuite - connection termination]]>
    </line>
  </reporter-output>
  <suite started-at="2026-04-22T15:20:21 IST" name="BatchSuite_Ags_testng.xml" finished-at="2026-04-22T15:20:34 IST" duration-ms="13179">
    <groups>
    </groups>
    <test started-at="2026-04-22T15:20:21 IST" name="Test" finished-at="2026-04-22T15:20:34 IST" duration-ms="13179">
      <class name="org.trmga.ags.contract.module.TC001_verifyUserIsAbleToCreateAgslContractWithMandatoryFieldsTest">
        <test-method is-config="true" signature="beforesuite()[pri:0, instance:org.trmga.ags.contract.module.TC001_verifyUserIsAbleToCreateAgslContractWithMandatoryFieldsTest@1a677343]" started-at="2026-04-22T15:20:21 IST" name="beforesuite" finished-at="2026-04-22T15:20:21 IST" duration-ms="9" status="PASS">
          <reporter-output>
            <line>
              <![CDATA[@beforesuite - connection establishment]]>
            </line>
          </reporter-output>
        </test-method> <!-- beforesuite -->
        <test-method is-config="true" signature="beforetest()[pri:0, instance:org.trmga.ags.contract.module.TC001_verifyUserIsAbleToCreateAgslContractWithMandatoryFieldsTest@1a677343]" started-at="2026-04-22T15:20:21 IST" name="beforetest" finished-at="2026-04-22T15:20:21 IST" duration-ms="0" status="PASS">
          <reporter-output>
            <line>
              <![CDATA[@beforetest - create report]]>
            </line>
          </reporter-output>
        </test-method> <!-- beforetest -->
        <test-method is-config="true" signature="beforeclass()[pri:0, instance:org.trmga.ags.contract.module.TC001_verifyUserIsAbleToCreateAgslContractWithMandatoryFieldsTest@1a677343]" started-at="2026-04-22T15:20:21 IST" name="beforeclass" finished-at="2026-04-22T15:20:23 IST" duration-ms="2234" status="PASS">
          <reporter-output>
            <line>
              <![CDATA[@beforeclass - open browser]]>
            </line>
          </reporter-output>
        </test-method> <!-- beforeclass -->
        <test-method is-config="true" signature="beforemethod()[pri:0, instance:org.trmga.ags.contract.module.TC001_verifyUserIsAbleToCreateAgslContractWithMandatoryFieldsTest@1a677343]" started-at="2026-04-22T15:20:23 IST" name="beforemethod" finished-at="2026-04-22T15:20:23 IST" duration-ms="311" status="PASS">
          <reporter-output>
            <line>
              <![CDATA[@beforemethod - login]]>
            </line>
          </reporter-output>
        </test-method> <!-- beforemethod -->
        <test-method signature="tC001_verifyUserIsAbleToCreateAgsContractWithMandatoryFieldsTest()[pri:0, instance:org.trmga.ags.contract.module.TC001_verifyUserIsAbleToCreateAgslContractWithMandatoryFieldsTest@1a677343]" started-at="2026-04-22T15:20:23 IST" name="tC001_verifyUserIsAbleToCreateAgsContractWithMandatoryFieldsTest" finished-at="2026-04-22T15:20:27 IST" duration-ms="4207" status="PASS">
          <reporter-output>
            <line>
              <![CDATA[@test - test case, validation]]>
            </line>
            <line>
              <![CDATA[onTestSuccess]]>
            </line>
          </reporter-output>
        </test-method> <!-- tC001_verifyUserIsAbleToCreateAgsContractWithMandatoryFieldsTest -->
        <test-method is-config="true" signature="aftermethod()[pri:0, instance:org.trmga.ags.contract.module.TC001_verifyUserIsAbleToCreateAgslContractWithMandatoryFieldsTest@1a677343]" started-at="2026-04-22T15:20:27 IST" name="aftermethod" finished-at="2026-04-22T15:20:28 IST" duration-ms="999" status="PASS">
          <reporter-output>
            <line>
              <![CDATA[@aftermethod - logout]]>
            </line>
          </reporter-output>
        </test-method> <!-- aftermethod -->
        <test-method is-config="true" signature="afterclass()[pri:0, instance:org.trmga.ags.contract.module.TC001_verifyUserIsAbleToCreateAgslContractWithMandatoryFieldsTest@1a677343]" started-at="2026-04-22T15:20:28 IST" name="afterclass" finished-at="2026-04-22T15:20:29 IST" duration-ms="148" status="PASS">
          <reporter-output>
            <line>
              <![CDATA[@afterclass - close browser]]>
            </line>
          </reporter-output>
        </test-method> <!-- afterclass -->
        <test-method is-config="true" signature="aftertest()[pri:0, instance:org.trmga.ags.contract.module.TC001_verifyUserIsAbleToCreateAgslContractWithMandatoryFieldsTest@1a677343]" started-at="2026-04-22T15:20:34 IST" name="aftertest" finished-at="2026-04-22T15:20:34 IST" duration-ms="0" status="PASS">
          <reporter-output>
            <line>
              <![CDATA[@aftertest - report backup]]>
            </line>
          </reporter-output>
        </test-method> <!-- aftertest -->
        <test-method is-config="true" signature="aftersuite()[pri:0, instance:org.trmga.ags.contract.module.TC001_verifyUserIsAbleToCreateAgslContractWithMandatoryFieldsTest@1a677343]" started-at="2026-04-22T15:20:34 IST" name="aftersuite" finished-at="2026-04-22T15:20:34 IST" duration-ms="1" status="PASS">
          <reporter-output>
            <line>
              <![CDATA[@aftersuite - connection termination]]>
            </line>
          </reporter-output>
        </test-method> <!-- aftersuite -->
      </class> <!-- org.trmga.ags.contract.module.TC001_verifyUserIsAbleToCreateAgslContractWithMandatoryFieldsTest -->
      <class name="org.trmga.ags.contract.module.TC002_verifyUserIsAbleToCreateAgsContractWithAllFieldsTest">
        <test-method is-config="true" signature="beforeclass()[pri:0, instance:org.trmga.ags.contract.module.TC002_verifyUserIsAbleToCreateAgsContractWithAllFieldsTest@3c9754d8]" started-at="2026-04-22T15:20:29 IST" name="beforeclass" finished-at="2026-04-22T15:20:30 IST" duration-ms="1329" status="PASS">
          <reporter-output>
            <line>
              <![CDATA[@beforeclass - open browser]]>
            </line>
          </reporter-output>
        </test-method> <!-- beforeclass -->
        <test-method is-config="true" signature="beforemethod()[pri:0, instance:org.trmga.ags.contract.module.TC002_verifyUserIsAbleToCreateAgsContractWithAllFieldsTest@3c9754d8]" started-at="2026-04-22T15:20:30 IST" name="beforemethod" finished-at="2026-04-22T15:20:30 IST" duration-ms="283" status="PASS">
          <reporter-output>
            <line>
              <![CDATA[@beforemethod - login]]>
            </line>
          </reporter-output>
        </test-method> <!-- beforemethod -->
        <test-method signature="tC002_verifyUserIsAbleToCreateAgsContractWithAllFieldsTest()[pri:0, instance:org.trmga.ags.contract.module.TC002_verifyUserIsAbleToCreateAgsContractWithAllFieldsTest@3c9754d8]" started-at="2026-04-22T15:20:30 IST" name="tC002_verifyUserIsAbleToCreateAgsContractWithAllFieldsTest" finished-at="2026-04-22T15:20:33 IST" duration-ms="2386" status="PASS">
          <reporter-output>
            <line>
              <![CDATA[@test - test case, validation]]>
            </line>
            <line>
              <![CDATA[onTestSuccess]]>
            </line>
          </reporter-output>
        </test-method> <!-- tC002_verifyUserIsAbleToCreateAgsContractWithAllFieldsTest -->
        <test-method is-config="true" signature="aftermethod()[pri:0, instance:org.trmga.ags.contract.module.TC002_verifyUserIsAbleToCreateAgsContractWithAllFieldsTest@3c9754d8]" started-at="2026-04-22T15:20:33 IST" name="aftermethod" finished-at="2026-04-22T15:20:34 IST" duration-ms="1043" status="PASS">
          <reporter-output>
            <line>
              <![CDATA[@aftermethod - logout]]>
            </line>
          </reporter-output>
        </test-method> <!-- aftermethod -->
        <test-method is-config="true" signature="afterclass()[pri:0, instance:org.trmga.ags.contract.module.TC002_verifyUserIsAbleToCreateAgsContractWithAllFieldsTest@3c9754d8]" started-at="2026-04-22T15:20:34 IST" name="afterclass" finished-at="2026-04-22T15:20:34 IST" duration-ms="202" status="PASS">
          <reporter-output>
            <line>
              <![CDATA[@afterclass - close browser]]>
            </line>
          </reporter-output>
        </test-method> <!-- afterclass -->
      </class> <!-- org.trmga.ags.contract.module.TC002_verifyUserIsAbleToCreateAgsContractWithAllFieldsTest -->
    </test> <!-- Test -->
  </suite> <!-- BatchSuite_Ags_testng.xml -->
</testng-results>
